<?xml version="1.0" encoding="UTF-8"?>
<!-- Generated by org.testng.reporters.JUnitXMLReporter -->
<testsuite ignored="0" hostname="LAPTOP-U9J30NI6" failures="4" tests="7" name="BankingApp Test" time="70.726" errors="0" timestamp="2021-11-25T23:33:36 IST">
  <testcase classname="com.eBanking.testCases.LoginTest_TC_001" name="loginTest" time="2.33">
    <failure type="java.lang.AssertionError" message="expected [true] but found [false]">
      <![CDATA[java.lang.AssertionError: expected [true] but found [false]
at com.eBanking.testCases.LoginTest_TC_001.loginTest(LoginTest_TC_001.java:39)
at java.base/java.util.ArrayList.forEach(ArrayList.java:1511)
... Removed 31 stack frames]]>
    </failure>
  </testcase> <!-- loginTest -->
  <testcase classname="com.eBanking.testCases.LoginTest_TC_02_DDT" name="loginDDT" time="10.778"/>
  <testcase classname="com.eBanking.testCases.LoginTest_TC_02_DDT" name="loginDDT" time="5.485">
    <failure type="java.lang.AssertionError" message="expected [true] but found [false]">
      <![CDATA[java.lang.AssertionError: expected [true] but found [false]
at com.eBanking.testCases.LoginTest_TC_02_DDT.loginDDT(LoginTest_TC_02_DDT.java:30)
at java.base/java.util.ArrayList.forEach(ArrayList.java:1511)
... Removed 31 stack frames]]>
    </failure>
  </testcase> <!-- loginDDT -->
  <testcase classname="com.eBanking.testCases.LoginTest_TC_02_DDT" name="loginDDT" time="5.44">
    <failure type="java.lang.AssertionError" message="expected [true] but found [false]">
      <![CDATA[java.lang.AssertionError: expected [true] but found [false]
at com.eBanking.testCases.LoginTest_TC_02_DDT.loginDDT(LoginTest_TC_02_DDT.java:30)
at java.base/java.util.ArrayList.forEach(ArrayList.java:1511)
... Removed 31 stack frames]]>
    </failure>
  </testcase> <!-- loginDDT -->
  <testcase classname="com.eBanking.testCases.LoginTest_TC_02_DDT" name="loginDDT" time="10.538"/>
  <testcase classname="com.eBanking.testCases.LoginTest_TC_02_DDT" name="loginDDT" time="5.318">
    <failure type="java.lang.AssertionError" message="expected [true] but found [false]">
      <![CDATA[java.lang.AssertionError: expected [true] but found [false]
at com.eBanking.testCases.LoginTest_TC_02_DDT.loginDDT(LoginTest_TC_02_DDT.java:30)
at java.base/java.util.ArrayList.forEach(ArrayList.java:1511)
... Removed 31 stack frames]]>
    </failure>
  </testcase> <!-- loginDDT -->
  <testcase classname="com.eBanking.testCases.AddCustomer_TC003" name="addNewCustomer" time="15.32"/>
</testsuite> <!-- BankingApp Test -->
