<?xml version="1.0" encoding="UTF-8"?>
<testng-results ignored="0" total="2" passed="2" failed="0" skipped="0">
  <reporter-output>
  </reporter-output>
  <suite started-at="2021-11-27T19:18:17 IST" name="eBankingV1" finished-at="2021-11-27T19:18:47 IST" duration-ms="30042">
    <groups>
    </groups>
    <test started-at="2021-11-27T19:18:17 IST" name="BankingApp Test" finished-at="2021-11-27T19:18:47 IST" duration-ms="30042">
      <class name="com.eBanking.testCases.AddCustomer_TC003">
        <test-method is-config="true" signature="setup(java.lang.String)[pri:0, instance:com.eBanking.testCases.AddCustomer_TC003@7e7be63f]" started-at="2021-11-27T19:18:25 IST" name="setup" finished-at="2021-11-27T19:18:30 IST" duration-ms="4205" status="PASS">
          <params>
            <param index="0">
              <value>
                <![CDATA[chrome]]>
              </value>
            </param>
          </params>
          <reporter-output>
          </reporter-output>
        </test-method> <!-- setup -->
        <test-method signature="addNewCustomer()[pri:0, instance:com.eBanking.testCases.AddCustomer_TC003@7e7be63f]" started-at="2021-11-27T19:18:30 IST" name="addNewCustomer" finished-at="2021-11-27T19:18:47 IST" duration-ms="17024" status="PASS">
          <reporter-output>
          </reporter-output>
        </test-method> <!-- addNewCustomer -->
        <test-method is-config="true" signature="tearDown()[pri:0, instance:com.eBanking.testCases.AddCustomer_TC003@7e7be63f]" started-at="2021-11-27T19:18:47 IST" name="tearDown" finished-at="2021-11-27T19:18:47 IST" duration-ms="841" status="PASS">
          <reporter-output>
          </reporter-output>
        </test-method> <!-- tearDown -->
      </class> <!-- com.eBanking.testCases.AddCustomer_TC003 -->
      <class name="com.eBanking.testCases.LoginTest_TC_001">
        <test-method is-config="true" signature="setup(java.lang.String)[pri:0, instance:com.eBanking.testCases.LoginTest_TC_001@3f6b0be5]" started-at="2021-11-27T19:18:18 IST" name="setup" finished-at="2021-11-27T19:18:23 IST" duration-ms="5477" status="PASS">
          <params>
            <param index="0">
              <value>
                <![CDATA[chrome]]>
              </value>
            </param>
          </params>
          <reporter-output>
          </reporter-output>
        </test-method> <!-- setup -->
        <test-method signature="loginTest()[pri:0, instance:com.eBanking.testCases.LoginTest_TC_001@3f6b0be5]" started-at="2021-11-27T19:18:23 IST" name="loginTest" finished-at="2021-11-27T19:18:25 IST" duration-ms="1554" status="PASS">
          <reporter-output>
          </reporter-output>
        </test-method> <!-- loginTest -->
        <test-method is-config="true" signature="tearDown()[pri:0, instance:com.eBanking.testCases.LoginTest_TC_001@3f6b0be5]" started-at="2021-11-27T19:18:25 IST" name="tearDown" finished-at="2021-11-27T19:18:25 IST" duration-ms="718" status="PASS">
          <reporter-output>
          </reporter-output>
        </test-method> <!-- tearDown -->
      </class> <!-- com.eBanking.testCases.LoginTest_TC_001 -->
    </test> <!-- BankingApp Test -->
  </suite> <!-- eBankingV1 -->
</testng-results>
